<?xml version="1.0" encoding="UTF-8"?>
<!-- Generated by org.testng.reporters.JUnitXMLReporter -->
<testsuite hostname="DESKTOP-FLKLPOH" ignored="2" name="Default test" tests="1" failures="0" timestamp="2022-06-30T07:38:49 IST" time="13.356" errors="0">
  <testcase name="verifyPushNotification" time="5.05" classname="com.supermarket.tests.VerifyUsersTest"/>
  <testcase name="verifyVisibilityOfPushNotification" time="0.0" classname="com.supermarket.tests.VerifyUsersTest">
    <ignored/>
  </testcase> <!-- verifyVisibilityOfPushNotification -->
  <testcase name="verifyVisibilityOfUsers" time="0.0" classname="com.supermarket.tests.VerifyUsersTest">
    <ignored/>
  </testcase> <!-- verifyVisibilityOfUsers -->
</testsuite> <!-- Default test -->
