<?xml version="1.0" encoding="UTF-8"?>
<testng-results skipped="0" failed="0" ignored="2" total="3" passed="1">
  <reporter-output>
  </reporter-output>
  <suite name="Default suite" duration-ms="13356" started-at="2022-06-30T07:38:36 IST" finished-at="2022-06-30T07:38:49 IST">
    <groups>
      <group name="regression">
        <method signature="VerifyUsersTest.verifyPushNotification()[pri:3, instance:com.supermarket.tests.VerifyUsersTest@401e7803]" name="verifyPushNotification" class="com.supermarket.tests.VerifyUsersTest"/>
      </group> <!-- regression -->
    </groups>
    <test name="Default test" duration-ms="13356" started-at="2022-06-30T07:38:36 IST" finished-at="2022-06-30T07:38:49 IST">
      <class name="com.supermarket.tests.VerifyUsersTest">
        <test-method status="PASS" signature="setup()[pri:0, instance:com.supermarket.tests.VerifyUsersTest@401e7803]" name="setup" is-config="true" duration-ms="7850" started-at="2022-06-30T07:38:36 IST" finished-at="2022-06-30T07:38:44 IST">
          <reporter-output>
          </reporter-output>
        </test-method> <!-- setup -->
        <test-method status="PASS" signature="verifyPushNotification()[pri:3, instance:com.supermarket.tests.VerifyUsersTest@401e7803]" name="verifyPushNotification" duration-ms="5050" started-at="2022-06-30T07:38:44 IST" finished-at="2022-06-30T07:38:49 IST">
          <reporter-output>
          </reporter-output>
        </test-method> <!-- verifyPushNotification -->
        <test-method status="PASS" signature="tearDown(org.testng.ITestResult)[pri:0, instance:com.supermarket.tests.VerifyUsersTest@401e7803]" name="tearDown" is-config="true" duration-ms="374" started-at="2022-06-30T07:38:49 IST" finished-at="2022-06-30T07:38:49 IST">
          <params>
            <param index="0">
              <value>
                <![CDATA[[TestResult name=verifyPushNotification status=SUCCESS method=VerifyUsersTest.verifyPushNotification()[pri:3, instance:com.supermarket.tests.VerifyUsersTest@401e7803] output={null}]]]>
              </value>
            </param>
          </params>
          <reporter-output>
          </reporter-output>
        </test-method> <!-- tearDown -->
      </class> <!-- com.supermarket.tests.VerifyUsersTest -->
    </test> <!-- Default test -->
  </suite> <!-- Default suite -->
</testng-results>
